[debug] [2022-02-15T02:12:12.096Z] ----------------------------------------------------------------------
[debug] [2022-02-15T02:12:12.098Z] Command:       C:\Program Files\nodejs\node.exe C:\Users\HP\AppData\Roaming\npm\node_modules\firebase-tools\lib\bin\firebase.js emulators:start --only functions
[debug] [2022-02-15T02:12:12.098Z] CLI Version:   10.1.0
[debug] [2022-02-15T02:12:12.098Z] Platform:      win32
[debug] [2022-02-15T02:12:12.098Z] Node Version:  v16.6.1
[debug] [2022-02-15T02:12:12.104Z] Time:          Tue Feb 15 2022 09:12:12 GMT+0700 (Indochina Time)
[debug] [2022-02-15T02:12:12.104Z] ----------------------------------------------------------------------
[debug] 
[debug] [2022-02-15T02:12:12.169Z] > command requires scopes: ["email","openid","https://www.googleapis.com/auth/cloudplatformprojects.readonly","https://www.googleapis.com/auth/firebase","https://www.googleapis.com/auth/cloud-platform"]
[debug] [2022-02-15T02:12:12.169Z] > authorizing via signed-in user (d.hoang1906@gmail.com)
[info] i  emulators: Starting emulators: functions {"metadata":{"emulator":{"name":"hub"},"message":"Starting emulators: functions"}}
[debug] [2022-02-15T02:12:12.205Z] [hub] writing locator at C:\Users\HP\AppData\Local\Temp\hub-fir-1-173da.json
[warn] !  functions: The following emulators are not running, calls to these services from the Functions emulator will affect production: auth, firestore, database, hosting, pubsub, storage {"metadata":{"emulator":{"name":"functions"},"message":"The following emulators are not running, calls to these services from the Functions emulator will affect production: \u001b[1mauth, firestore, database, hosting, pubsub, storage\u001b[22m"}}
[info] +  functions: Using node@16 from host. {"metadata":{"emulator":{"name":"functions"},"message":"Using node@16 from host."}}
[warn] !  Your requested "node" version "16" doesn't match your global version "16" {"metadata":{"emulator":{"name":"functions"},"message":"Your requested \"node\" version \"16\" doesn't match your global version \"16\""}}
[debug] [2022-02-15T02:12:12.299Z] defaultcredentials: writing to file C:\Users\HP\AppData\Roaming\firebase\d_hoang1906_gmail.com_application_default_credentials.json
[debug] [2022-02-15T02:12:12.301Z] Setting GAC to C:\Users\HP\AppData\Roaming\firebase\d_hoang1906_gmail.com_application_default_credentials.json {"metadata":{"emulator":{"name":"functions"},"message":"Setting GAC to C:\\Users\\HP\\AppData\\Roaming\\firebase\\d_hoang1906_gmail.com_application_default_credentials.json"}}
[debug] [2022-02-15T02:12:12.302Z] > refreshing access token with scopes: []
[debug] [2022-02-15T02:12:12.303Z] >>> HTTP REQUEST POST https://www.googleapis.com/oauth2/v3/token  
 <request body omitted>
[debug] [2022-02-15T02:12:12.467Z] <<< HTTP RESPONSE 200 {"expires":"Mon, 01 Jan 1990 00:00:00 GMT","date":"Tue, 15 Feb 2022 02:12:15 GMT","cache-control":"no-cache, no-store, max-age=0, must-revalidate","pragma":"no-cache","content-type":"application/json; charset=utf-8","vary":"X-Origin, Referer, Origin,Accept-Encoding","server":"scaffolding on HTTPServer2","x-xss-protection":"0","x-frame-options":"SAMEORIGIN","x-content-type-options":"nosniff","alt-svc":"h3=\":443\"; ma=2592000,h3-29=\":443\"; ma=2592000,h3-Q050=\":443\"; ma=2592000,h3-Q046=\":443\"; ma=2592000,h3-Q043=\":443\"; ma=2592000,quic=\":443\"; ma=2592000; v=\"46,43\"","accept-ranges":"none","transfer-encoding":"chunked"}
[debug] [2022-02-15T02:12:12.483Z] >>> [apiv2][query] GET https://firebase.googleapis.com/v1beta1/projects/fir-1-173da/adminSdkConfig [none]
[debug] [2022-02-15T02:12:12.975Z] <<< [apiv2][status] GET https://firebase.googleapis.com/v1beta1/projects/fir-1-173da/adminSdkConfig 200
[debug] [2022-02-15T02:12:12.976Z] <<< [apiv2][body] GET https://firebase.googleapis.com/v1beta1/projects/fir-1-173da/adminSdkConfig {"projectId":"fir-1-173da","storageBucket":"fir-1-173da.appspot.com","locationId":"asia-southeast2"}
[debug] [2022-02-15T02:12:13.005Z] Ignoring unsupported arg: auto_download {"metadata":{"emulator":{"name":"ui"},"message":"Ignoring unsupported arg: auto_download"}}
[debug] [2022-02-15T02:12:13.005Z] Ignoring unsupported arg: port {"metadata":{"emulator":{"name":"ui"},"message":"Ignoring unsupported arg: port"}}
[debug] [2022-02-15T02:12:13.006Z] Starting Emulator UI with command {"binary":"node","args":["C:\\Users\\HP\\.cache\\firebase\\emulators\\ui-v1.6.4\\server.bundle.js"],"optionalArgs":[],"joinArgs":false} {"metadata":{"emulator":{"name":"ui"},"message":"Starting Emulator UI with command {\"binary\":\"node\",\"args\":[\"C:\\\\Users\\\\HP\\\\.cache\\\\firebase\\\\emulators\\\\ui-v1.6.4\\\\server.bundle.js\"],\"optionalArgs\":[],\"joinArgs\":false}"}}
[info] i  ui: Emulator UI logging to ui-debug.log {"metadata":{"emulator":{"name":"ui"},"message":"Emulator UI logging to \u001b[1mui-debug.log\u001b[22m"}}
[debug] [2022-02-15T02:12:13.155Z] Web / API server started at localhost:4000
 {"metadata":{"emulator":{"name":"ui"},"message":"Web / API server started at localhost:4000\n"}}
[info] i  functions: Watching "D:\Hoàng\Học code\Udemy\8. Firebase\00 Notebook\firebase-1\functions" for Cloud Functions... {"metadata":{"emulator":{"name":"functions"},"message":"Watching \"D:\\Hoàng\\Học code\\Udemy\\8. Firebase\\00 Notebook\\firebase-1\\functions\" for Cloud Functions..."}}
[debug] [2022-02-15T02:12:13.314Z] [worker-pool] addWorker(~diagnostic~) {"metadata":{"emulator":{"name":"functions"},"message":"[worker-pool] addWorker(~diagnostic~)"}}
[debug] [2022-02-15T02:12:13.315Z] [worker-pool] Adding worker with key ~diagnostic~, total=1 {"metadata":{"emulator":{"name":"functions"},"message":"[worker-pool] Adding worker with key ~diagnostic~, total=1"}}
[debug] [2022-02-15T02:12:13.315Z] [worker-pool] submitWork(triggerId=) {"metadata":{"emulator":{"name":"functions"},"message":"[worker-pool] submitWork(triggerId=)"}}
[debug] [2022-02-15T02:12:13.316Z] [worker-~diagnostic~-d6d0495b-985d-4b5f-b727-2893c61ad183]: Assigning socketPath: \\?\pipe\D:\Hoàng\Học code\Udemy\8. Firebase\00 Notebook\firebase-1\functions\15280 {"metadata":{"emulator":{"name":"functions"},"message":"[worker-~diagnostic~-d6d0495b-985d-4b5f-b727-2893c61ad183]: Assigning socketPath: \\\\?\\pipe\\D:\\Hoàng\\Học code\\Udemy\\8. Firebase\\00 Notebook\\firebase-1\\functions\\15280"}}
[debug] [2022-02-15T02:12:13.318Z] [worker-~diagnostic~-d6d0495b-985d-4b5f-b727-2893c61ad183]: BUSY {"metadata":{"emulator":{"name":"functions"},"message":"[worker-~diagnostic~-d6d0495b-985d-4b5f-b727-2893c61ad183]: BUSY"}}
[debug] [2022-02-15T02:12:13.602Z] [runtime-status] [15280] Functions runtime initialized. {"cwd":"D:\\Hoàng\\Học code\\Udemy\\8. Firebase\\00 Notebook\\firebase-1\\functions","node_version":"16.6.1"} {"metadata":{"emulator":{"name":"functions"},"message":"[runtime-status] [15280] Functions runtime initialized. {\"cwd\":\"D:\\\\Hoàng\\\\Học code\\\\Udemy\\\\8. Firebase\\\\00 Notebook\\\\firebase-1\\\\functions\",\"node_version\":\"16.6.1\"}"}}
[debug] [2022-02-15T02:12:13.603Z] [runtime-status] [15280] Disabled runtime features: undefined {"metadata":{"emulator":{"name":"functions"},"message":"[runtime-status] [15280] Disabled runtime features: undefined"}}
[debug] [2022-02-15T02:12:13.610Z] [runtime-status] [15280] Resolved module firebase-admin {"declared":true,"installed":true,"version":"9.12.0","resolution":"D:\\Hoàng\\Học code\\Udemy\\8. Firebase\\00 Notebook\\firebase-1\\functions\\node_modules\\firebase-admin\\lib\\index.js"} {"metadata":{"emulator":{"name":"functions"},"message":"[runtime-status] [15280] Resolved module firebase-admin {\"declared\":true,\"installed\":true,\"version\":\"9.12.0\",\"resolution\":\"D:\\\\Hoàng\\\\Học code\\\\Udemy\\\\8. Firebase\\\\00 Notebook\\\\firebase-1\\\\functions\\\\node_modules\\\\firebase-admin\\\\lib\\\\index.js\"}"}}
[debug] [2022-02-15T02:12:13.617Z] [runtime-status] [15280] Resolved module firebase-functions {"declared":true,"installed":true,"version":"3.18.0","resolution":"D:\\Hoàng\\Học code\\Udemy\\8. Firebase\\00 Notebook\\firebase-1\\functions\\node_modules\\firebase-functions\\lib\\index.js"} {"metadata":{"emulator":{"name":"functions"},"message":"[runtime-status] [15280] Resolved module firebase-functions {\"declared\":true,\"installed\":true,\"version\":\"3.18.0\",\"resolution\":\"D:\\\\Hoàng\\\\Học code\\\\Udemy\\\\8. Firebase\\\\00 Notebook\\\\firebase-1\\\\functions\\\\node_modules\\\\firebase-functions\\\\lib\\\\index.js\"}"}}
[debug] [2022-02-15T02:12:13.620Z] [runtime-status] [15280] Outgoing network have been stubbed. [{"name":"http","status":"mocked"},{"name":"http","status":"mocked"},{"name":"https","status":"mocked"},{"name":"https","status":"mocked"},{"name":"net","status":"mocked"}] {"metadata":{"emulator":{"name":"functions"},"message":"[runtime-status] [15280] Outgoing network have been stubbed. [{\"name\":\"http\",\"status\":\"mocked\"},{\"name\":\"http\",\"status\":\"mocked\"},{\"name\":\"https\",\"status\":\"mocked\"},{\"name\":\"https\",\"status\":\"mocked\"},{\"name\":\"net\",\"status\":\"mocked\"}]"}}
[debug] [2022-02-15T02:12:13.623Z] [runtime-status] [15280] Resolved module firebase-functions {"declared":true,"installed":true,"version":"3.18.0","resolution":"D:\\Hoàng\\Học code\\Udemy\\8. Firebase\\00 Notebook\\firebase-1\\functions\\node_modules\\firebase-functions\\lib\\index.js"} {"metadata":{"emulator":{"name":"functions"},"message":"[runtime-status] [15280] Resolved module firebase-functions {\"declared\":true,\"installed\":true,\"version\":\"3.18.0\",\"resolution\":\"D:\\\\Hoàng\\\\Học code\\\\Udemy\\\\8. Firebase\\\\00 Notebook\\\\firebase-1\\\\functions\\\\node_modules\\\\firebase-functions\\\\lib\\\\index.js\"}"}}
[debug] [2022-02-15T02:12:13.705Z] [runtime-status] [15280] Checked functions.config() {"config":{}} {"metadata":{"emulator":{"name":"functions"},"message":"[runtime-status] [15280] Checked functions.config() {\"config\":{}}"}}
[debug] [2022-02-15T02:12:13.705Z] [runtime-status] [15280] firebase-functions has been stubbed. {"functionsResolution":{"declared":true,"installed":true,"version":"3.18.0","resolution":"D:\\Hoàng\\Học code\\Udemy\\8. Firebase\\00 Notebook\\firebase-1\\functions\\node_modules\\firebase-functions\\lib\\index.js"}} {"metadata":{"emulator":{"name":"functions"},"message":"[runtime-status] [15280] firebase-functions has been stubbed. {\"functionsResolution\":{\"declared\":true,\"installed\":true,\"version\":\"3.18.0\",\"resolution\":\"D:\\\\Hoàng\\\\Học code\\\\Udemy\\\\8. Firebase\\\\00 Notebook\\\\firebase-1\\\\functions\\\\node_modules\\\\firebase-functions\\\\lib\\\\index.js\"}}"}}
[debug] [2022-02-15T02:12:13.706Z] [runtime-status] [15280] Resolved module firebase-functions {"declared":true,"installed":true,"version":"3.18.0","resolution":"D:\\Hoàng\\Học code\\Udemy\\8. Firebase\\00 Notebook\\firebase-1\\functions\\node_modules\\firebase-functions\\lib\\index.js"} {"metadata":{"emulator":{"name":"functions"},"message":"[runtime-status] [15280] Resolved module firebase-functions {\"declared\":true,\"installed\":true,\"version\":\"3.18.0\",\"resolution\":\"D:\\\\Hoàng\\\\Học code\\\\Udemy\\\\8. Firebase\\\\00 Notebook\\\\firebase-1\\\\functions\\\\node_modules\\\\firebase-functions\\\\lib\\\\index.js\"}"}}
[debug] [2022-02-15T02:12:13.708Z] [runtime-status] [15280] Resolved module firebase-admin {"declared":true,"installed":true,"version":"9.12.0","resolution":"D:\\Hoàng\\Học code\\Udemy\\8. Firebase\\00 Notebook\\firebase-1\\functions\\node_modules\\firebase-admin\\lib\\index.js"} {"metadata":{"emulator":{"name":"functions"},"message":"[runtime-status] [15280] Resolved module firebase-admin {\"declared\":true,\"installed\":true,\"version\":\"9.12.0\",\"resolution\":\"D:\\\\Hoàng\\\\Học code\\\\Udemy\\\\8. Firebase\\\\00 Notebook\\\\firebase-1\\\\functions\\\\node_modules\\\\firebase-admin\\\\lib\\\\index.js\"}"}}
[debug] [2022-02-15T02:12:13.709Z] [runtime-status] [15280] Resolved module firebase-functions {"declared":true,"installed":true,"version":"3.18.0","resolution":"D:\\Hoàng\\Học code\\Udemy\\8. Firebase\\00 Notebook\\firebase-1\\functions\\node_modules\\firebase-functions\\lib\\index.js"} {"metadata":{"emulator":{"name":"functions"},"message":"[runtime-status] [15280] Resolved module firebase-functions {\"declared\":true,\"installed\":true,\"version\":\"3.18.0\",\"resolution\":\"D:\\\\Hoàng\\\\Học code\\\\Udemy\\\\8. Firebase\\\\00 Notebook\\\\firebase-1\\\\functions\\\\node_modules\\\\firebase-functions\\\\lib\\\\index.js\"}"}}
[debug] [2022-02-15T02:12:13.709Z] [runtime-status] [15280] firebase-admin has been stubbed. {"adminResolution":{"declared":true,"installed":true,"version":"9.12.0","resolution":"D:\\Hoàng\\Học code\\Udemy\\8. Firebase\\00 Notebook\\firebase-1\\functions\\node_modules\\firebase-admin\\lib\\index.js"}} {"metadata":{"emulator":{"name":"functions"},"message":"[runtime-status] [15280] firebase-admin has been stubbed. {\"adminResolution\":{\"declared\":true,\"installed\":true,\"version\":\"9.12.0\",\"resolution\":\"D:\\\\Hoàng\\\\Học code\\\\Udemy\\\\8. Firebase\\\\00 Notebook\\\\firebase-1\\\\functions\\\\node_modules\\\\firebase-admin\\\\lib\\\\index.js\"}}"}}
[warn] !  It looks like you're trying to access functions.config().firebase but there is no value there. You can learn more about setting up config here: https://firebase.google.com/docs/functions/local-emulator {"metadata":{"emulator":{"name":"functions"},"message":"It looks like you're trying to access functions.config().firebase but there is no value there. You can learn more about setting up config here: https://firebase.google.com/docs/functions/local-emulator"}}
[debug] [2022-02-15T02:12:13.713Z] [runtime-status] [15280] initializeApp(DEFAULT) {"credential":{"implicit":true,"refreshToken":{"clientId":"563584335869-fgrhgmd47bqnekij5i8b5pr03ho849e6.apps.googleusercontent.com","clientSecret":"j9iVZfS8kkCEFUPaAeJV0sAi","refreshToken":"1//0eOaSgpFj45fkCgYIARAAGA4SNwF-L9IraZkPKFogVK_MBxL5uShdNWmyZTNVo1w0Drn-hjPiBSiN0b5IcFPgnP_asDIrihF0mz4","type":"authorized_user"},"httpClient":{"retry":{"maxRetries":4,"statusCodes":[503],"ioErrorCodes":["ECONNRESET","ETIMEDOUT"],"backOffFactor":0.5,"maxDelayInMillis":60000}}}} {"metadata":{"emulator":{"name":"functions"},"message":"[runtime-status] [15280] initializeApp(DEFAULT) {\"credential\":{\"implicit\":true,\"refreshToken\":{\"clientId\":\"563584335869-fgrhgmd47bqnekij5i8b5pr03ho849e6.apps.googleusercontent.com\",\"clientSecret\":\"j9iVZfS8kkCEFUPaAeJV0sAi\",\"refreshToken\":\"1//0eOaSgpFj45fkCgYIARAAGA4SNwF-L9IraZkPKFogVK_MBxL5uShdNWmyZTNVo1w0Drn-hjPiBSiN0b5IcFPgnP_asDIrihF0mz4\",\"type\":\"authorized_user\"},\"httpClient\":{\"retry\":{\"maxRetries\":4,\"statusCodes\":[503],\"ioErrorCodes\":[\"ECONNRESET\",\"ETIMEDOUT\"],\"backOffFactor\":0.5,\"maxDelayInMillis\":60000}}}}"}}
[warn] !  functions: The Cloud Firestore emulator is not running, so calls to Firestore will affect production. {"metadata":{"emulator":{"name":"functions"},"message":"The Cloud Firestore emulator is not running, so calls to Firestore will affect production."}}
[warn] !  functions: The Firebase Authentication emulator is not running, so calls to Firebase Authentication will affect production. {"metadata":{"emulator":{"name":"functions"},"message":"The Firebase Authentication emulator is not running, so calls to Firebase Authentication will affect production."}}
[info] >  SERVER STARTED {"user":"SERVER STARTED","metadata":{"emulator":{"name":"functions"},"message":"\u001b[90m> \u001b[39m SERVER STARTED"}}
[info] +  functions[asia-southeast1-api]: http function initialized (http://localhost:5001/fir-1-173da/asia-southeast1/api). {"metadata":{"emulator":{"name":"functions"},"message":"\u001b[1mhttp\u001b[22m function initialized (http://localhost:5001/fir-1-173da/asia-southeast1/api)."}}
[info] i  functions[asia-southeast1-onCreateRecipe]: function ignored because the firestore emulator does not exist or is not running. {"metadata":{"emulator":{"name":"functions"},"message":"function ignored because the firestore emulator does not exist or is not running."}}
[info] i  functions[asia-southeast1-onUpdateRecipe]: function ignored because the firestore emulator does not exist or is not running. {"metadata":{"emulator":{"name":"functions"},"message":"function ignored because the firestore emulator does not exist or is not running."}}
[info] i  functions[asia-southeast1-onDeleteRecipe]: function ignored because the firestore emulator does not exist or is not running. {"metadata":{"emulator":{"name":"functions"},"message":"function ignored because the firestore emulator does not exist or is not running."}}
[info] i  functions[asia-southeast1-dailyCheckRecipePublishDate]: function ignored because the pubsub emulator does not exist or is not running. {"metadata":{"emulator":{"name":"functions"},"message":"function ignored because the pubsub emulator does not exist or is not running."}}
[info] 
┌─────────────────────────────────────────────────────────────┐
│ ✔  All emulators ready! It is now safe to connect your app. │
│ i  View Emulator UI at http://localhost:4000                │
└─────────────────────────────────────────────────────────────┘

┌───────────┬────────────────┬─────────────────────────────────┐
│ Emulator  │ Host:Port      │ View in Emulator UI             │
├───────────┼────────────────┼─────────────────────────────────┤
│ Functions │ localhost:5001 │ http://localhost:4000/functions │
└───────────┴────────────────┴─────────────────────────────────┘
  Emulator Hub running at localhost:4400
  Other reserved ports: 4500

Issues? Report them at https://github.com/firebase/firebase-tools/issues and attach the *-debug.log files.
 
[info] >  API started {"user":"API started","metadata":{"emulator":{"name":"functions"},"message":"\u001b[90m> \u001b[39m API started"}}
[debug] [2022-02-15T02:12:14.462Z] [worker-~diagnostic~-d6d0495b-985d-4b5f-b727-2893c61ad183]: IDLE {"metadata":{"emulator":{"name":"functions"},"message":"[worker-~diagnostic~-d6d0495b-985d-4b5f-b727-2893c61ad183]: IDLE"}}
[warn] !  Google API requested!
   - URL: "https://oauth2.googleapis.com/token"
   - Be careful, this may be a production service. {"metadata":{"emulator":{"name":"functions"},"message":"Google API requested!\n   - URL: \"https://oauth2.googleapis.com/token\"\n   - Be careful, this may be a production service."}}
[debug] [2022-02-15T02:17:06.019Z] File D:\Hoàng\Học code\Udemy\8. Firebase\00 Notebook\firebase-1\functions\recipesApi.js changed, reloading triggers {"metadata":{"emulator":{"name":"functions"},"message":"File D:\\Hoàng\\Học code\\Udemy\\8. Firebase\\00 Notebook\\firebase-1\\functions\\recipesApi.js changed, reloading triggers"}}
